# JRE version: OpenJDK Runtime Environment (8.0_242-b01) (build 1.8.0_242-release-1644-b01)
# Java VM: OpenJDK 64-Bit Server VM (25.242-b01 mixed mode windows-amd64 compressed oops)
Heap:
 PSYoungGen      total 301568K, used 212703K [0x00000000d5580000, 0x00000000e9f80000, 0x0000000100000000)
  eden space 276480K, 67% used [0x00000000d5580000,0x00000000e0cb9070,0x00000000e6380000)
  from space 25088K, 99% used [0x00000000e8100000,0x00000000e997ef18,0x00000000e9980000)
  to   space 30208K, 0% used [0x00000000e6380000,0x00000000e6380000,0x00000000e8100000)
 ParOldGen       total 134656K, used 38050K [0x0000000080000000, 0x0000000088380000, 0x00000000d5580000)
  object space 134656K, 28% used [0x0000000080000000,0x0000000082528a58,0x0000000088380000)
 Metaspace       used 79822K, capacity 83269K, committed 83480K, reserved 1122304K
  class space    used 10530K, capacity 11219K, committed 11312K, reserved 1048576K
GC Heap History (10 events):
Event: 145.059 GC heap before
{Heap before GC invocations=21 (full 2):
 PSYoungGen      total 247296K, used 246888K [0x00000000d5580000, 0x00000000e7300000, 0x0000000100000000)
  eden space 232448K, 100% used [0x00000000d5580000,0x00000000e3880000,0x00000000e3880000)
  from space 14848K, 97% used [0x00000000e6480000,0x00000000e729a1e8,0x00000000e7300000)
  to   space 17408K, 0% used [0x00000000e5100000,0x00000000e5100000,0x00000000e6200000)
 ParOldGen       total 84992K, used 14148K [0x0000000080000000, 0x0000000085300000, 0x00000000d5580000)
  object space 84992K, 16% used [0x0000000080000000,0x0000000080dd11e8,0x0000000085300000)
 Metaspace       used 48519K, capacity 50082K, committed 50352K, reserved 1093632K
  class space    used 6192K, capacity 6556K, committed 6576K, reserved 1048576K
Event: 145.072 GC heap after
Heap after GC invocations=21 (full 2):
 PSYoungGen      total 266752K, used 13237K [0x00000000d5580000, 0x00000000e7100000, 0x0000000100000000)
  eden space 253440K, 0% used [0x00000000d5580000,0x00000000d5580000,0x00000000e4d00000)
  from space 13312K, 99% used [0x00000000e5100000,0x00000000e5ded458,0x00000000e5e00000)
  to   space 18432K, 0% used [0x00000000e5f00000,0x00000000e5f00000,0x00000000e7100000)
 ParOldGen       total 84992K, used 14148K [0x0000000080000000, 0x0000000085300000, 0x00000000d5580000)
  object space 84992K, 16% used [0x0000000080000000,0x0000000080dd11e8,0x0000000085300000)
 Metaspace       used 48519K, capacity 50082K, committed 50352K, reserved 1093632K
  class space    used 6192K, capacity 6556K, committed 6576K, reserved 1048576K
}
Event: 147.505 GC heap before
{Heap before GC invocations=22 (full 2):
 PSYoungGen      total 266752K, used 235066K [0x00000000d5580000, 0x00000000e7100000, 0x0000000100000000)
  eden space 253440K, 87% used [0x00000000d5580000,0x00000000e2e216b8,0x00000000e4d00000)
  from space 13312K, 99% used [0x00000000e5100000,0x00000000e5ded458,0x00000000e5e00000)
  to   space 18432K, 0% used [0x00000000e5f00000,0x00000000e5f00000,0x00000000e7100000)
 ParOldGen       total 84992K, used 14148K [0x0000000080000000, 0x0000000085300000, 0x00000000d5580000)
  object space 84992K, 16% used [0x0000000080000000,0x0000000080dd11e8,0x0000000085300000)
 Metaspace       used 57260K, capacity 59053K, committed 59160K, reserved 1101824K
  class space    used 7323K, capacity 7728K, committed 7728K, reserved 1048576K
Event: 147.539 GC heap after
Heap after GC invocations=22 (full 2):
 PSYoungGen      total 267264K, used 18401K [0x00000000d5580000, 0x00000000e9800000, 0x0000000100000000)
  eden space 248832K, 0% used [0x00000000d5580000,0x00000000d5580000,0x00000000e4880000)
  from space 18432K, 99% used [0x00000000e5f00000,0x00000000e70f8720,0x00000000e7100000)
  to   space 23040K, 0% used [0x00000000e4880000,0x00000000e4880000,0x00000000e5f00000)
 ParOldGen       total 84992K, used 19323K [0x0000000080000000, 0x0000000085300000, 0x00000000d5580000)
  object space 84992K, 22% used [0x0000000080000000,0x00000000812dee98,0x0000000085300000)
 Metaspace       used 57260K, capacity 59053K, committed 59160K, reserved 1101824K
  class space    used 7323K, capacity 7728K, committed 7728K, reserved 1048576K
}
Event: 147.539 GC heap before
{Heap before GC invocations=23 (full 3):
 PSYoungGen      total 267264K, used 18401K [0x00000000d5580000, 0x00000000e9800000, 0x0000000100000000)
  eden space 248832K, 0% used [0x00000000d5580000,0x00000000d5580000,0x00000000e4880000)
  from space 18432K, 99% used [0x00000000e5f00000,0x00000000e70f8720,0x00000000e7100000)
  to   space 23040K, 0% used [0x00000000e4880000,0x00000000e4880000,0x00000000e5f00000)
 ParOldGen       total 84992K, used 19323K [0x0000000080000000, 0x0000000085300000, 0x00000000d5580000)
  object space 84992K, 22% used [0x0000000080000000,0x00000000812dee98,0x0000000085300000)
 Metaspace       used 57260K, capacity 59053K, committed 59160K, reserved 1101824K
  class space    used 7323K, capacity 7728K, committed 7728K, reserved 1048576K
Event: 147.789 GC heap after
Heap after GC invocations=23 (full 3):
 PSYoungGen      total 267264K, used 0K [0x00000000d5580000, 0x00000000e9800000, 0x0000000100000000)
  eden space 248832K, 0% used [0x00000000d5580000,0x00000000d5580000,0x00000000e4880000)
  from space 18432K, 0% used [0x00000000e5f00000,0x00000000e5f00000,0x00000000e7100000)
  to   space 23040K, 0% used [0x00000000e4880000,0x00000000e4880000,0x00000000e5f00000)
 ParOldGen       total 134656K, used 35308K [0x0000000080000000, 0x0000000088380000, 0x00000000d5580000)
  object space 134656K, 26% used [0x0000000080000000,0x000000008227b0f8,0x0000000088380000)
 Metaspace       used 57154K, capacity 58853K, committed 59160K, reserved 1101824K
  class space    used 7292K, capacity 7689K, committed 7728K, reserved 1048576K
}
Event: 170.872 GC heap before
{Heap before GC invocations=24 (full 3):
 PSYoungGen      total 267264K, used 248832K [0x00000000d5580000, 0x00000000e9800000, 0x0000000100000000)
  eden space 248832K, 100% used [0x00000000d5580000,0x00000000e4880000,0x00000000e4880000)
  from space 18432K, 0% used [0x00000000e5f00000,0x00000000e5f00000,0x00000000e7100000)
  to   space 23040K, 0% used [0x00000000e4880000,0x00000000e4880000,0x00000000e5f00000)
 ParOldGen       total 134656K, used 35308K [0x0000000080000000, 0x0000000088380000, 0x00000000d5580000)
  object space 134656K, 26% used [0x0000000080000000,0x000000008227b0f8,0x0000000088380000)
 Metaspace       used 68224K, capacity 70577K, committed 70680K, reserved 1110016K
  class space    used 8917K, capacity 9418K, committed 9520K, reserved 1048576K
Event: 170.896 GC heap after
Heap after GC invocations=24 (full 3):
 PSYoungGen      total 271872K, used 20091K [0x00000000d5580000, 0x00000000e9980000, 0x0000000100000000)
  eden space 248832K, 0% used [0x00000000d5580000,0x00000000d5580000,0x00000000e4880000)
  from space 23040K, 87% used [0x00000000e4880000,0x00000000e5c1ec80,0x00000000e5f00000)
  to   space 25088K, 0% used [0x00000000e8100000,0x00000000e8100000,0x00000000e9980000)
 ParOldGen       total 134656K, used 35316K [0x0000000080000000, 0x0000000088380000, 0x00000000d5580000)
  object space 134656K, 26% used [0x0000000080000000,0x000000008227d0f8,0x0000000088380000)
 Metaspace       used 68224K, capacity 70577K, committed 70680K, reserved 1110016K
  class space    used 8917K, capacity 9418K, committed 9520K, reserved 1048576K
}
Event: 206.911 GC heap before
{Heap before GC invocations=25 (full 3):
 PSYoungGen      total 271872K, used 268923K [0x00000000d5580000, 0x00000000e9980000, 0x0000000100000000)
  eden space 248832K, 100% used [0x00000000d5580000,0x00000000e4880000,0x00000000e4880000)
  from space 23040K, 87% used [0x00000000e4880000,0x00000000e5c1ec80,0x00000000e5f00000)
  to   space 25088K, 0% used [0x00000000e8100000,0x00000000e8100000,0x00000000e9980000)
 ParOldGen       total 134656K, used 35316K [0x0000000080000000, 0x0000000088380000, 0x00000000d5580000)
  object space 134656K, 26% used [0x0000000080000000,0x000000008227d0f8,0x0000000088380000)
 Metaspace       used 77752K, capacity 80579K, committed 80792K, reserved 1120256K
  class space    used 10250K, capacity 10874K, committed 10928K, reserved 1048576K
Event: 206.973 GC heap after
Heap after GC invocations=25 (full 3):
 PSYoungGen      total 301568K, used 25083K [0x00000000d5580000, 0x00000000e9f80000, 0x0000000100000000)
  eden space 276480K, 0% used [0x00000000d5580000,0x00000000d5580000,0x00000000e6380000)
  from space 25088K, 99% used [0x00000000e8100000,0x00000000e997ef18,0x00000000e9980000)
  to   space 30208K, 0% used [0x00000000e6380000,0x00000000e6380000,0x00000000e8100000)
 ParOldGen       total 134656K, used 38050K [0x0000000080000000, 0x0000000088380000, 0x00000000d5580000)
  object space 134656K, 28% used [0x0000000080000000,0x0000000082528a58,0x0000000088380000)
 Metaspace       used 77752K, capacity 80579K, committed 80792K, reserved 1120256K
  class space    used 10250K, capacity 10874K, committed 10928K, reserved 1048576K
}

