# JRE version: OpenJDK Runtime Environment (8.0_242-b01) (build 1.8.0_242-release-1644-b01)
# Java VM: OpenJDK 64-Bit Server VM (25.242-b01 mixed mode windows-amd64 compressed oops)
Heap:
 PSYoungGen      total 576512K, used 360908K [0x00000000d5580000, 0x00000000fb100000, 0x0000000100000000)
  eden space 536576K, 60% used [0x00000000d5580000,0x00000000e93e1198,0x00000000f6180000)
  from space 39936K, 87% used [0x00000000f6180000,0x00000000f83920c8,0x00000000f8880000)
  to   space 29696K, 0% used [0x00000000f8880000,0x00000000f8880000,0x00000000fa580000)
 ParOldGen       total 169984K, used 84233K [0x0000000080000000, 0x000000008a600000, 0x00000000d5580000)
  object space 169984K, 49% used [0x0000000080000000,0x0000000085242408,0x000000008a600000)
 Metaspace       used 113474K, capacity 118952K, committed 119216K, reserved 1153024K
  class space    used 14305K, capacity 15457K, committed 15536K, reserved 1048576K
GC Heap History (10 events):
Event: 4603.585 GC heap before
{Heap before GC invocations=21 (full 3):
 PSYoungGen      total 499200K, used 361027K [0x00000000d5580000, 0x00000000fa580000, 0x0000000100000000)
  eden space 469504K, 73% used [0x00000000d5580000,0x00000000ea4ec600,0x00000000f2000000)
  from space 29696K, 59% used [0x00000000f2000000,0x00000000f3124938,0x00000000f3d00000)
  to   space 29696K, 0% used [0x00000000f8880000,0x00000000f8880000,0x00000000fa580000)
 ParOldGen       total 91136K, used 66923K [0x0000000080000000, 0x0000000085900000, 0x00000000d5580000)
  object space 91136K, 73% used [0x0000000080000000,0x000000008415aca8,0x0000000085900000)
 Metaspace       used 93715K, capacity 98570K, committed 98600K, reserved 1134592K
  class space    used 11976K, capacity 12961K, committed 12976K, reserved 1048576K
Event: 4603.658 GC heap after
Heap after GC invocations=21 (full 3):
 PSYoungGen      total 566272K, used 29668K [0x00000000d5580000, 0x00000000fb100000, 0x0000000100000000)
  eden space 536576K, 0% used [0x00000000d5580000,0x00000000d5580000,0x00000000f6180000)
  from space 29696K, 99% used [0x00000000f8880000,0x00000000fa5790d0,0x00000000fa580000)
  to   space 39936K, 0% used [0x00000000f6180000,0x00000000f6180000,0x00000000f8880000)
 ParOldGen       total 91136K, used 82008K [0x0000000080000000, 0x0000000085900000, 0x00000000d5580000)
  object space 91136K, 89% used [0x0000000080000000,0x00000000850163b8,0x0000000085900000)
 Metaspace       used 93715K, capacity 98570K, committed 98600K, reserved 1134592K
  class space    used 11976K, capacity 12961K, committed 12976K, reserved 1048576K
}
Event: 4603.658 GC heap before
{Heap before GC invocations=22 (full 4):
 PSYoungGen      total 566272K, used 29668K [0x00000000d5580000, 0x00000000fb100000, 0x0000000100000000)
  eden space 536576K, 0% used [0x00000000d5580000,0x00000000d5580000,0x00000000f6180000)
  from space 29696K, 99% used [0x00000000f8880000,0x00000000fa5790d0,0x00000000fa580000)
  to   space 39936K, 0% used [0x00000000f6180000,0x00000000f6180000,0x00000000f8880000)
 ParOldGen       total 91136K, used 82008K [0x0000000080000000, 0x0000000085900000, 0x00000000d5580000)
  object space 91136K, 89% used [0x0000000080000000,0x00000000850163b8,0x0000000085900000)
 Metaspace       used 93715K, capacity 98570K, committed 98600K, reserved 1134592K
  class space    used 11976K, capacity 12961K, committed 12976K, reserved 1048576K
Event: 4604.626 GC heap after
Heap after GC invocations=22 (full 4):
 PSYoungGen      total 566272K, used 0K [0x00000000d5580000, 0x00000000fb100000, 0x0000000100000000)
  eden space 536576K, 0% used [0x00000000d5580000,0x00000000d5580000,0x00000000f6180000)
  from space 29696K, 0% used [0x00000000f8880000,0x00000000f8880000,0x00000000fa580000)
  to   space 39936K, 0% used [0x00000000f6180000,0x00000000f6180000,0x00000000f8880000)
 ParOldGen       total 169984K, used 84209K [0x0000000080000000, 0x000000008a600000, 0x00000000d5580000)
  object space 169984K, 49% used [0x0000000080000000,0x000000008523c408,0x000000008a600000)
 Metaspace       used 92704K, capacity 96776K, committed 98600K, reserved 1134592K
  class space    used 11776K, capacity 12609K, committed 12976K, reserved 1048576K
}
Event: 4617.901 GC heap before
{Heap before GC invocations=23 (full 4):
 PSYoungGen      total 566272K, used 536576K [0x00000000d5580000, 0x00000000fb100000, 0x0000000100000000)
  eden space 536576K, 100% used [0x00000000d5580000,0x00000000f6180000,0x00000000f6180000)
  from space 29696K, 0% used [0x00000000f8880000,0x00000000f8880000,0x00000000fa580000)
  to   space 39936K, 0% used [0x00000000f6180000,0x00000000f6180000,0x00000000f8880000)
 ParOldGen       total 169984K, used 84209K [0x0000000080000000, 0x000000008a600000, 0x00000000d5580000)
  object space 169984K, 49% used [0x0000000080000000,0x000000008523c408,0x000000008a600000)
 Metaspace       used 96324K, capacity 100530K, committed 101936K, reserved 1138688K
  class space    used 12164K, capacity 13046K, committed 13360K, reserved 1048576K
Event: 4617.982 GC heap after
Heap after GC invocations=23 (full 4):
 PSYoungGen      total 576512K, used 8561K [0x00000000d5580000, 0x00000000fb100000, 0x0000000100000000)
  eden space 536576K, 0% used [0x00000000d5580000,0x00000000d5580000,0x00000000f6180000)
  from space 39936K, 21% used [0x00000000f6180000,0x00000000f69dc768,0x00000000f8880000)
  to   space 29696K, 0% used [0x00000000f8880000,0x00000000f8880000,0x00000000fa580000)
 ParOldGen       total 169984K, used 84209K [0x0000000080000000, 0x000000008a600000, 0x00000000d5580000)
  object space 169984K, 49% used [0x0000000080000000,0x000000008523c408,0x000000008a600000)
 Metaspace       used 96324K, capacity 100530K, committed 101936K, reserved 1138688K
  class space    used 12164K, capacity 13046K, committed 13360K, reserved 1048576K
}
Event: 4631.105 GC heap before
{Heap before GC invocations=24 (full 4):
 PSYoungGen      total 576512K, used 545137K [0x00000000d5580000, 0x00000000fb100000, 0x0000000100000000)
  eden space 536576K, 100% used [0x00000000d5580000,0x00000000f6180000,0x00000000f6180000)
  from space 39936K, 21% used [0x00000000f6180000,0x00000000f69dc768,0x00000000f8880000)
  to   space 29696K, 0% used [0x00000000f8880000,0x00000000f8880000,0x00000000fa580000)
 ParOldGen       total 169984K, used 84209K [0x0000000080000000, 0x000000008a600000, 0x00000000d5580000)
  object space 169984K, 49% used [0x0000000080000000,0x000000008523c408,0x000000008a600000)
 Metaspace       used 103235K, capacity 107514K, committed 108848K, reserved 1144832K
  class space    used 12886K, capacity 13842K, committed 14128K, reserved 1048576K
Event: 4631.156 GC heap after
Heap after GC invocations=24 (full 4):
 PSYoungGen      total 566272K, used 20732K [0x00000000d5580000, 0x00000000fb100000, 0x0000000100000000)
  eden space 536576K, 0% used [0x00000000d5580000,0x00000000d5580000,0x00000000f6180000)
  from space 29696K, 69% used [0x00000000f8880000,0x00000000f9cbf038,0x00000000fa580000)
  to   space 39936K, 0% used [0x00000000f6180000,0x00000000f6180000,0x00000000f8880000)
 ParOldGen       total 169984K, used 84225K [0x0000000080000000, 0x000000008a600000, 0x00000000d5580000)
  object space 169984K, 49% used [0x0000000080000000,0x0000000085240408,0x000000008a600000)
 Metaspace       used 103235K, capacity 107514K, committed 108848K, reserved 1144832K
  class space    used 12886K, capacity 13842K, committed 14128K, reserved 1048576K
}
Event: 4638.623 GC heap before
{Heap before GC invocations=25 (full 4):
 PSYoungGen      total 566272K, used 557308K [0x00000000d5580000, 0x00000000fb100000, 0x0000000100000000)
  eden space 536576K, 100% used [0x00000000d5580000,0x00000000f6180000,0x00000000f6180000)
  from space 29696K, 69% used [0x00000000f8880000,0x00000000f9cbf038,0x00000000fa580000)
  to   space 39936K, 0% used [0x00000000f6180000,0x00000000f6180000,0x00000000f8880000)
 ParOldGen       total 169984K, used 84225K [0x0000000080000000, 0x000000008a600000, 0x00000000d5580000)
  object space 169984K, 49% used [0x0000000080000000,0x0000000085240408,0x000000008a600000)
 Metaspace       used 106813K, capacity 111502K, committed 112048K, reserved 1146880K
  class space    used 13410K, capacity 14396K, committed 14512K, reserved 1048576K
Event: 4638.686 GC heap after
Heap after GC invocations=25 (full 4):
 PSYoungGen      total 576512K, used 34888K [0x00000000d5580000, 0x00000000fb100000, 0x0000000100000000)
  eden space 536576K, 0% used [0x00000000d5580000,0x00000000d5580000,0x00000000f6180000)
  from space 39936K, 87% used [0x00000000f6180000,0x00000000f83920c8,0x00000000f8880000)
  to   space 29696K, 0% used [0x00000000f8880000,0x00000000f8880000,0x00000000fa580000)
 ParOldGen       total 169984K, used 84233K [0x0000000080000000, 0x000000008a600000, 0x00000000d5580000)
  object space 169984K, 49% used [0x0000000080000000,0x0000000085242408,0x000000008a600000)
 Metaspace       used 106813K, capacity 111502K, committed 112048K, reserved 1146880K
  class space    used 13410K, capacity 14396K, committed 14512K, reserved 1048576K
}

