# JRE version: OpenJDK Runtime Environment (8.0_242-b01) (build 1.8.0_242-release-1644-b01)
# Java VM: OpenJDK 64-Bit Server VM (25.242-b01 mixed mode windows-amd64 compressed oops)
Heap:
 PSYoungGen      total 192000K, used 48263K [0x00000000d5580000, 0x00000000e5c00000, 0x0000000100000000)
  eden space 179712K, 22% used [0x00000000d5580000,0x00000000d7c76350,0x00000000e0500000)
  from space 12288K, 68% used [0x00000000e1d80000,0x00000000e25aba50,0x00000000e2980000)
  to   space 25088K, 0% used [0x00000000e0500000,0x00000000e0500000,0x00000000e1d80000)
 ParOldGen       total 93696K, used 75441K [0x0000000080000000, 0x0000000085b80000, 0x00000000d5580000)
  object space 93696K, 80% used [0x0000000080000000,0x00000000849ac4d0,0x0000000085b80000)
 Metaspace       used 76740K, capacity 80040K, committed 80296K, reserved 1118208K
  class space    used 10368K, capacity 11057K, committed 11176K, reserved 1048576K
GC Heap History (10 events):
Event: 21.582 GC heap before
{Heap before GC invocations=17 (full 3):
 PSYoungGen      total 199168K, used 199147K [0x00000000d5580000, 0x00000000e2980000, 0x0000000100000000)
  eden space 184832K, 100% used [0x00000000d5580000,0x00000000e0a00000,0x00000000e0a00000)
  from space 14336K, 99% used [0x00000000e0d80000,0x00000000e1b7afe8,0x00000000e1b80000)
  to   space 12288K, 0% used [0x00000000e1d80000,0x00000000e1d80000,0x00000000e2980000)
 ParOldGen       total 93696K, used 36926K [0x0000000080000000, 0x0000000085b80000, 0x00000000d5580000)
  object space 93696K, 39% used [0x0000000080000000,0x000000008240f8b0,0x0000000085b80000)
 Metaspace       used 71611K, capacity 74760K, committed 75048K, reserved 1114112K
  class space    used 9823K, capacity 10461K, committed 10536K, reserved 1048576K
Event: 21.615 GC heap after
Heap after GC invocations=17 (full 3):
 PSYoungGen      total 197120K, used 12262K [0x00000000d5580000, 0x00000000e2980000, 0x0000000100000000)
  eden space 184832K, 0% used [0x00000000d5580000,0x00000000d5580000,0x00000000e0a00000)
  from space 12288K, 99% used [0x00000000e1d80000,0x00000000e2979b88,0x00000000e2980000)
  to   space 14336K, 0% used [0x00000000e0d80000,0x00000000e0d80000,0x00000000e1b80000)
 ParOldGen       total 93696K, used 54057K [0x0000000080000000, 0x0000000085b80000, 0x00000000d5580000)
  object space 93696K, 57% used [0x0000000080000000,0x00000000834ca728,0x0000000085b80000)
 Metaspace       used 71611K, capacity 74760K, committed 75048K, reserved 1114112K
  class space    used 9823K, capacity 10461K, committed 10536K, reserved 1048576K
}
Event: 22.457 GC heap before
{Heap before GC invocations=18 (full 3):
 PSYoungGen      total 197120K, used 197094K [0x00000000d5580000, 0x00000000e2980000, 0x0000000100000000)
  eden space 184832K, 100% used [0x00000000d5580000,0x00000000e0a00000,0x00000000e0a00000)
  from space 12288K, 99% used [0x00000000e1d80000,0x00000000e2979b88,0x00000000e2980000)
  to   space 14336K, 0% used [0x00000000e0d80000,0x00000000e0d80000,0x00000000e1b80000)
 ParOldGen       total 93696K, used 54057K [0x0000000080000000, 0x0000000085b80000, 0x00000000d5580000)
  object space 93696K, 57% used [0x0000000080000000,0x00000000834ca728,0x0000000085b80000)
 Metaspace       used 72059K, capacity 75194K, committed 75304K, reserved 1114112K
  class space    used 9850K, capacity 10496K, committed 10536K, reserved 1048576K
Event: 22.486 GC heap after
Heap after GC invocations=18 (full 3):
 PSYoungGen      total 199168K, used 1502K [0x00000000d5580000, 0x00000000e2980000, 0x0000000100000000)
  eden space 184832K, 0% used [0x00000000d5580000,0x00000000d5580000,0x00000000e0a00000)
  from space 14336K, 10% used [0x00000000e0d80000,0x00000000e0ef7958,0x00000000e1b80000)
  to   space 12288K, 0% used [0x00000000e1d80000,0x00000000e1d80000,0x00000000e2980000)
 ParOldGen       total 93696K, used 66130K [0x0000000080000000, 0x0000000085b80000, 0x00000000d5580000)
  object space 93696K, 70% used [0x0000000080000000,0x0000000084094b38,0x0000000085b80000)
 Metaspace       used 72059K, capacity 75194K, committed 75304K, reserved 1114112K
  class space    used 9850K, capacity 10496K, committed 10536K, reserved 1048576K
}
Event: 23.009 GC heap before
{Heap before GC invocations=19 (full 3):
 PSYoungGen      total 199168K, used 186334K [0x00000000d5580000, 0x00000000e2980000, 0x0000000100000000)
  eden space 184832K, 100% used [0x00000000d5580000,0x00000000e0a00000,0x00000000e0a00000)
  from space 14336K, 10% used [0x00000000e0d80000,0x00000000e0ef7958,0x00000000e1b80000)
  to   space 12288K, 0% used [0x00000000e1d80000,0x00000000e1d80000,0x00000000e2980000)
 ParOldGen       total 93696K, used 66130K [0x0000000080000000, 0x0000000085b80000, 0x00000000d5580000)
  object space 93696K, 70% used [0x0000000080000000,0x0000000084094b38,0x0000000085b80000)
 Metaspace       used 72180K, capacity 75480K, committed 75688K, reserved 1114112K
  class space    used 9867K, capacity 10541K, committed 10664K, reserved 1048576K
Event: 23.030 GC heap after
Heap after GC invocations=19 (full 3):
 PSYoungGen      total 197120K, used 5610K [0x00000000d5580000, 0x00000000e2980000, 0x0000000100000000)
  eden space 184832K, 0% used [0x00000000d5580000,0x00000000d5580000,0x00000000e0a00000)
  from space 12288K, 45% used [0x00000000e1d80000,0x00000000e22fa9f8,0x00000000e2980000)
  to   space 14336K, 0% used [0x00000000e0d80000,0x00000000e0d80000,0x00000000e1b80000)
 ParOldGen       total 93696K, used 67261K [0x0000000080000000, 0x0000000085b80000, 0x00000000d5580000)
  object space 93696K, 71% used [0x0000000080000000,0x00000000841af4c8,0x0000000085b80000)
 Metaspace       used 72180K, capacity 75480K, committed 75688K, reserved 1114112K
  class space    used 9867K, capacity 10541K, committed 10664K, reserved 1048576K
}
Event: 23.974 GC heap before
{Heap before GC invocations=20 (full 3):
 PSYoungGen      total 197120K, used 190442K [0x00000000d5580000, 0x00000000e2980000, 0x0000000100000000)
  eden space 184832K, 100% used [0x00000000d5580000,0x00000000e0a00000,0x00000000e0a00000)
  from space 12288K, 45% used [0x00000000e1d80000,0x00000000e22fa9f8,0x00000000e2980000)
  to   space 14336K, 0% used [0x00000000e0d80000,0x00000000e0d80000,0x00000000e1b80000)
 ParOldGen       total 93696K, used 67261K [0x0000000080000000, 0x0000000085b80000, 0x00000000d5580000)
  object space 93696K, 71% used [0x0000000080000000,0x00000000841af4c8,0x0000000085b80000)
 Metaspace       used 74021K, capacity 77278K, committed 77352K, reserved 1116160K
  class space    used 10124K, capacity 10780K, committed 10792K, reserved 1048576K
Event: 23.982 GC heap after
Heap after GC invocations=20 (full 3):
 PSYoungGen      total 199168K, used 7741K [0x00000000d5580000, 0x00000000e2980000, 0x0000000100000000)
  eden space 184832K, 0% used [0x00000000d5580000,0x00000000d5580000,0x00000000e0a00000)
  from space 14336K, 53% used [0x00000000e0d80000,0x00000000e150f430,0x00000000e1b80000)
  to   space 12288K, 0% used [0x00000000e1d80000,0x00000000e1d80000,0x00000000e2980000)
 ParOldGen       total 93696K, used 69945K [0x0000000080000000, 0x0000000085b80000, 0x00000000d5580000)
  object space 93696K, 74% used [0x0000000080000000,0x000000008444e4d8,0x0000000085b80000)
 Metaspace       used 74021K, capacity 77278K, committed 77352K, reserved 1116160K
  class space    used 10124K, capacity 10780K, committed 10792K, reserved 1048576K
}
Event: 32.834 GC heap before
{Heap before GC invocations=21 (full 3):
 PSYoungGen      total 199168K, used 192573K [0x00000000d5580000, 0x00000000e2980000, 0x0000000100000000)
  eden space 184832K, 100% used [0x00000000d5580000,0x00000000e0a00000,0x00000000e0a00000)
  from space 14336K, 53% used [0x00000000e0d80000,0x00000000e150f430,0x00000000e1b80000)
  to   space 12288K, 0% used [0x00000000e1d80000,0x00000000e1d80000,0x00000000e2980000)
 ParOldGen       total 93696K, used 69945K [0x0000000080000000, 0x0000000085b80000, 0x00000000d5580000)
  object space 93696K, 74% used [0x0000000080000000,0x000000008444e4d8,0x0000000085b80000)
 Metaspace       used 76731K, capacity 80040K, committed 80296K, reserved 1118208K
  class space    used 10367K, capacity 11057K, committed 11176K, reserved 1048576K
Event: 32.857 GC heap after
Heap after GC invocations=21 (full 3):
 PSYoungGen      total 192000K, used 8366K [0x00000000d5580000, 0x00000000e5c00000, 0x0000000100000000)
  eden space 179712K, 0% used [0x00000000d5580000,0x00000000d5580000,0x00000000e0500000)
  from space 12288K, 68% used [0x00000000e1d80000,0x00000000e25aba50,0x00000000e2980000)
  to   space 25088K, 0% used [0x00000000e0500000,0x00000000e0500000,0x00000000e1d80000)
 ParOldGen       total 93696K, used 75441K [0x0000000080000000, 0x0000000085b80000, 0x00000000d5580000)
  object space 93696K, 80% used [0x0000000080000000,0x00000000849ac4d0,0x0000000085b80000)
 Metaspace       used 76731K, capacity 80040K, committed 80296K, reserved 1118208K
  class space    used 10367K, capacity 11057K, committed 11176K, reserved 1048576K
}

