# JRE version: OpenJDK Runtime Environment (8.0_242-b01) (build 1.8.0_242-release-1644-b01)
# Java VM: OpenJDK 64-Bit Server VM (25.242-b01 mixed mode windows-amd64 compressed oops)
Heap:
 PSYoungGen      total 590336K, used 359106K [0x00000000d5580000, 0x00000000fb680000, 0x0000000100000000)
  eden space 557056K, 61% used [0x00000000d5580000,0x00000000ea3da050,0x00000000f7580000)
  from space 33280K, 50% used [0x00000000f7580000,0x00000000f85d6ac0,0x00000000f9600000)
  to   space 28672K, 0% used [0x00000000f9a80000,0x00000000f9a80000,0x00000000fb680000)
 ParOldGen       total 137216K, used 108657K [0x0000000080000000, 0x0000000088600000, 0x00000000d5580000)
  object space 137216K, 79% used [0x0000000080000000,0x0000000086a1c5e8,0x0000000088600000)
 Metaspace       used 75315K, capacity 79592K, committed 79664K, reserved 1118208K
  class space    used 10215K, capacity 11036K, committed 11056K, reserved 1048576K
GC Heap History (10 events):
Event: 39.657 GC heap before
{Heap before GC invocations=28 (full 3):
 PSYoungGen      total 524800K, used 518718K [0x00000000d5580000, 0x00000000f7c00000, 0x0000000100000000)
  eden space 496128K, 100% used [0x00000000d5580000,0x00000000f3a00000,0x00000000f3a00000)
  from space 28672K, 78% used [0x00000000f6000000,0x00000000f760f880,0x00000000f7c00000)
  to   space 33792K, 0% used [0x00000000f3a00000,0x00000000f3a00000,0x00000000f5b00000)
 ParOldGen       total 137216K, used 108641K [0x0000000080000000, 0x0000000088600000, 0x00000000d5580000)
  object space 137216K, 79% used [0x0000000080000000,0x0000000086a185e8,0x0000000088600000)
 Metaspace       used 75100K, capacity 79336K, committed 79408K, reserved 1118208K
  class space    used 10202K, capacity 11020K, committed 11056K, reserved 1048576K
Event: 39.785 GC heap after
Heap after GC invocations=28 (full 3):
 PSYoungGen      total 529920K, used 23905K [0x00000000d5580000, 0x00000000f7c00000, 0x0000000100000000)
  eden space 496128K, 0% used [0x00000000d5580000,0x00000000d5580000,0x00000000f3a00000)
  from space 33792K, 70% used [0x00000000f3a00000,0x00000000f5158560,0x00000000f5b00000)
  to   space 28672K, 0% used [0x00000000f6000000,0x00000000f6000000,0x00000000f7c00000)
 ParOldGen       total 137216K, used 108649K [0x0000000080000000, 0x0000000088600000, 0x00000000d5580000)
  object space 137216K, 79% used [0x0000000080000000,0x0000000086a1a5e8,0x0000000088600000)
 Metaspace       used 75100K, capacity 79336K, committed 79408K, reserved 1118208K
  class space    used 10202K, capacity 11020K, committed 11056K, reserved 1048576K
}
Event: 42.485 GC heap before
{Heap before GC invocations=29 (full 3):
 PSYoungGen      total 529920K, used 520033K [0x00000000d5580000, 0x00000000f7c00000, 0x0000000100000000)
  eden space 496128K, 100% used [0x00000000d5580000,0x00000000f3a00000,0x00000000f3a00000)
  from space 33792K, 70% used [0x00000000f3a00000,0x00000000f5158560,0x00000000f5b00000)
  to   space 28672K, 0% used [0x00000000f6000000,0x00000000f6000000,0x00000000f7c00000)
 ParOldGen       total 137216K, used 108649K [0x0000000080000000, 0x0000000088600000, 0x00000000d5580000)
  object space 137216K, 79% used [0x0000000080000000,0x0000000086a1a5e8,0x0000000088600000)
 Metaspace       used 75131K, capacity 79348K, committed 79408K, reserved 1118208K
  class space    used 10203K, capacity 11020K, committed 11056K, reserved 1048576K
Event: 42.521 GC heap after
Heap after GC invocations=29 (full 3):
 PSYoungGen      total 529408K, used 20855K [0x00000000d5580000, 0x00000000fbc80000, 0x0000000100000000)
  eden space 500736K, 0% used [0x00000000d5580000,0x00000000d5580000,0x00000000f3e80000)
  from space 28672K, 72% used [0x00000000f6000000,0x00000000f745de18,0x00000000f7c00000)
  to   space 34304K, 0% used [0x00000000f3e80000,0x00000000f3e80000,0x00000000f6000000)
 ParOldGen       total 137216K, used 108649K [0x0000000080000000, 0x0000000088600000, 0x00000000d5580000)
  object space 137216K, 79% used [0x0000000080000000,0x0000000086a1a5e8,0x0000000088600000)
 Metaspace       used 75131K, capacity 79348K, committed 79408K, reserved 1118208K
  class space    used 10203K, capacity 11020K, committed 11056K, reserved 1048576K
}
Event: 44.881 GC heap before
{Heap before GC invocations=30 (full 3):
 PSYoungGen      total 529408K, used 521591K [0x00000000d5580000, 0x00000000fbc80000, 0x0000000100000000)
  eden space 500736K, 100% used [0x00000000d5580000,0x00000000f3e80000,0x00000000f3e80000)
  from space 28672K, 72% used [0x00000000f6000000,0x00000000f745de18,0x00000000f7c00000)
  to   space 34304K, 0% used [0x00000000f3e80000,0x00000000f3e80000,0x00000000f6000000)
 ParOldGen       total 137216K, used 108649K [0x0000000080000000, 0x0000000088600000, 0x00000000d5580000)
  object space 137216K, 79% used [0x0000000080000000,0x0000000086a1a5e8,0x0000000088600000)
 Metaspace       used 75150K, capacity 79354K, committed 79408K, reserved 1118208K
  class space    used 10205K, capacity 11021K, committed 11056K, reserved 1048576K
Event: 44.912 GC heap after
Heap after GC invocations=30 (full 3):
 PSYoungGen      total 535040K, used 19247K [0x00000000d5580000, 0x00000000fbb00000, 0x0000000100000000)
  eden space 500736K, 0% used [0x00000000d5580000,0x00000000d5580000,0x00000000f3e80000)
  from space 34304K, 56% used [0x00000000f3e80000,0x00000000f514bc90,0x00000000f6000000)
  to   space 33280K, 0% used [0x00000000f9a80000,0x00000000f9a80000,0x00000000fbb00000)
 ParOldGen       total 137216K, used 108649K [0x0000000080000000, 0x0000000088600000, 0x00000000d5580000)
  object space 137216K, 79% used [0x0000000080000000,0x0000000086a1a5e8,0x0000000088600000)
 Metaspace       used 75150K, capacity 79354K, committed 79408K, reserved 1118208K
  class space    used 10205K, capacity 11021K, committed 11056K, reserved 1048576K
}
Event: 49.233 GC heap before
{Heap before GC invocations=31 (full 3):
 PSYoungGen      total 535040K, used 519983K [0x00000000d5580000, 0x00000000fbb00000, 0x0000000100000000)
  eden space 500736K, 100% used [0x00000000d5580000,0x00000000f3e80000,0x00000000f3e80000)
  from space 34304K, 56% used [0x00000000f3e80000,0x00000000f514bc90,0x00000000f6000000)
  to   space 33280K, 0% used [0x00000000f9a80000,0x00000000f9a80000,0x00000000fbb00000)
 ParOldGen       total 137216K, used 108649K [0x0000000080000000, 0x0000000088600000, 0x00000000d5580000)
  object space 137216K, 79% used [0x0000000080000000,0x0000000086a1a5e8,0x0000000088600000)
 Metaspace       used 75233K, capacity 79424K, committed 79664K, reserved 1118208K
  class space    used 10212K, capacity 11032K, committed 11056K, reserved 1048576K
Event: 49.281 GC heap after
Heap after GC invocations=31 (full 3):
 PSYoungGen      total 585728K, used 7384K [0x00000000d5580000, 0x00000000fb680000, 0x0000000100000000)
  eden space 557056K, 0% used [0x00000000d5580000,0x00000000d5580000,0x00000000f7580000)
  from space 28672K, 25% used [0x00000000f9a80000,0x00000000fa1b60e8,0x00000000fb680000)
  to   space 33280K, 0% used [0x00000000f7580000,0x00000000f7580000,0x00000000f9600000)
 ParOldGen       total 137216K, used 108649K [0x0000000080000000, 0x0000000088600000, 0x00000000d5580000)
  object space 137216K, 79% used [0x0000000080000000,0x0000000086a1a5e8,0x0000000088600000)
 Metaspace       used 75233K, capacity 79424K, committed 79664K, reserved 1118208K
  class space    used 10212K, capacity 11032K, committed 11056K, reserved 1048576K
}
Event: 53.348 GC heap before
{Heap before GC invocations=32 (full 3):
 PSYoungGen      total 585728K, used 564440K [0x00000000d5580000, 0x00000000fb680000, 0x0000000100000000)
  eden space 557056K, 100% used [0x00000000d5580000,0x00000000f7580000,0x00000000f7580000)
  from space 28672K, 25% used [0x00000000f9a80000,0x00000000fa1b60e8,0x00000000fb680000)
  to   space 33280K, 0% used [0x00000000f7580000,0x00000000f7580000,0x00000000f9600000)
 ParOldGen       total 137216K, used 108649K [0x0000000080000000, 0x0000000088600000, 0x00000000d5580000)
  object space 137216K, 79% used [0x0000000080000000,0x0000000086a1a5e8,0x0000000088600000)
 Metaspace       used 75299K, capacity 79584K, committed 79664K, reserved 1118208K
  class space    used 10213K, capacity 11034K, committed 11056K, reserved 1048576K
Event: 53.391 GC heap after
Heap after GC invocations=32 (full 3):
 PSYoungGen      total 590336K, used 16730K [0x00000000d5580000, 0x00000000fb680000, 0x0000000100000000)
  eden space 557056K, 0% used [0x00000000d5580000,0x00000000d5580000,0x00000000f7580000)
  from space 33280K, 50% used [0x00000000f7580000,0x00000000f85d6ac0,0x00000000f9600000)
  to   space 28672K, 0% used [0x00000000f9a80000,0x00000000f9a80000,0x00000000fb680000)
 ParOldGen       total 137216K, used 108657K [0x0000000080000000, 0x0000000088600000, 0x00000000d5580000)
  object space 137216K, 79% used [0x0000000080000000,0x0000000086a1c5e8,0x0000000088600000)
 Metaspace       used 75299K, capacity 79584K, committed 79664K, reserved 1118208K
  class space    used 10213K, capacity 11034K, committed 11056K, reserved 1048576K
}

