# JRE version: OpenJDK Runtime Environment (8.0_242-b01) (build 1.8.0_242-release-1644-b01)
# Java VM: OpenJDK 64-Bit Server VM (25.242-b01 mixed mode windows-amd64 compressed oops)
Heap:
 PSYoungGen      total 196096K, used 18127K [0x00000000d5580000, 0x00000000e2d80000, 0x0000000100000000)
  eden space 179200K, 10% used [0x00000000d5580000,0x00000000d6733ea8,0x00000000e0480000)
  from space 16896K, 0% used [0x00000000e1480000,0x00000000e1480000,0x00000000e2500000)
  to   space 16384K, 0% used [0x00000000e0480000,0x00000000e0480000,0x00000000e1480000)
 ParOldGen       total 144896K, used 43109K [0x0000000080000000, 0x0000000088d80000, 0x00000000d5580000)
  object space 144896K, 29% used [0x0000000080000000,0x0000000082a19550,0x0000000088d80000)
 Metaspace       used 57569K, capacity 59838K, committed 60184K, reserved 1101824K
  class space    used 7893K, capacity 8378K, committed 8488K, reserved 1048576K
GC Heap History (10 events):
Event: 7.119 GC heap before
{Heap before GC invocations=11 (full 2):
 PSYoungGen      total 115712K, used 9729K [0x00000000d5580000, 0x00000000dfc00000, 0x0000000100000000)
  eden space 104448K, 0% used [0x00000000d5580000,0x00000000d5580000,0x00000000dbb80000)
  from space 11264K, 86% used [0x00000000dbb80000,0x00000000dc500438,0x00000000dc680000)
  to   space 12288K, 0% used [0x00000000df000000,0x00000000df000000,0x00000000dfc00000)
 ParOldGen       total 58880K, used 9200K [0x0000000080000000, 0x0000000083980000, 0x00000000d5580000)
  object space 58880K, 15% used [0x0000000080000000,0x00000000808fc390,0x0000000083980000)
 Metaspace       used 34438K, capacity 35410K, committed 35496K, reserved 1079296K
  class space    used 4688K, capacity 4948K, committed 5032K, reserved 1048576K
Event: 7.195 GC heap after
Heap after GC invocations=11 (full 2):
 PSYoungGen      total 115712K, used 0K [0x00000000d5580000, 0x00000000dfc00000, 0x0000000100000000)
  eden space 104448K, 0% used [0x00000000d5580000,0x00000000d5580000,0x00000000dbb80000)
  from space 11264K, 0% used [0x00000000dbb80000,0x00000000dbb80000,0x00000000dc680000)
  to   space 12288K, 0% used [0x00000000df000000,0x00000000df000000,0x00000000dfc00000)
 ParOldGen       total 86016K, used 16687K [0x0000000080000000, 0x0000000085400000, 0x00000000d5580000)
  object space 86016K, 19% used [0x0000000080000000,0x000000008104bdc8,0x0000000085400000)
 Metaspace       used 34438K, capacity 35410K, committed 35496K, reserved 1079296K
  class space    used 4688K, capacity 4948K, committed 5032K, reserved 1048576K
}
Event: 8.872 GC heap before
{Heap before GC invocations=12 (full 2):
 PSYoungGen      total 115712K, used 104448K [0x00000000d5580000, 0x00000000dfc00000, 0x0000000100000000)
  eden space 104448K, 100% used [0x00000000d5580000,0x00000000dbb80000,0x00000000dbb80000)
  from space 11264K, 0% used [0x00000000dbb80000,0x00000000dbb80000,0x00000000dc680000)
  to   space 12288K, 0% used [0x00000000df000000,0x00000000df000000,0x00000000dfc00000)
 ParOldGen       total 86016K, used 16687K [0x0000000080000000, 0x0000000085400000, 0x00000000d5580000)
  object space 86016K, 19% used [0x0000000080000000,0x000000008104bdc8,0x0000000085400000)
 Metaspace       used 40576K, capacity 42276K, committed 42408K, reserved 1085440K
  class space    used 5593K, capacity 5991K, committed 6056K, reserved 1048576K
Event: 8.885 GC heap after
Heap after GC invocations=12 (full 2):
 PSYoungGen      total 146432K, used 9032K [0x00000000d5580000, 0x00000000df900000, 0x0000000100000000)
  eden space 137216K, 0% used [0x00000000d5580000,0x00000000d5580000,0x00000000ddb80000)
  from space 9216K, 98% used [0x00000000df000000,0x00000000df8d2178,0x00000000df900000)
  to   space 12288K, 0% used [0x00000000de100000,0x00000000de100000,0x00000000ded00000)
 ParOldGen       total 86016K, used 16695K [0x0000000080000000, 0x0000000085400000, 0x00000000d5580000)
  object space 86016K, 19% used [0x0000000080000000,0x000000008104ddc8,0x0000000085400000)
 Metaspace       used 40576K, capacity 42276K, committed 42408K, reserved 1085440K
  class space    used 5593K, capacity 5991K, committed 6056K, reserved 1048576K
}
Event: 11.076 GC heap before
{Heap before GC invocations=13 (full 2):
 PSYoungGen      total 146432K, used 146248K [0x00000000d5580000, 0x00000000df900000, 0x0000000100000000)
  eden space 137216K, 100% used [0x00000000d5580000,0x00000000ddb80000,0x00000000ddb80000)
  from space 9216K, 98% used [0x00000000df000000,0x00000000df8d2178,0x00000000df900000)
  to   space 12288K, 0% used [0x00000000de100000,0x00000000de100000,0x00000000ded00000)
 ParOldGen       total 86016K, used 16695K [0x0000000080000000, 0x0000000085400000, 0x00000000d5580000)
  object space 86016K, 19% used [0x0000000080000000,0x000000008104ddc8,0x0000000085400000)
 Metaspace       used 52368K, capacity 54404K, committed 54696K, reserved 1095680K
  class space    used 7044K, capacity 7505K, committed 7592K, reserved 1048576K
Event: 11.105 GC heap after
Heap after GC invocations=13 (full 2):
 PSYoungGen      total 155136K, used 12284K [0x00000000d5580000, 0x00000000e2500000, 0x0000000100000000)
  eden space 142848K, 0% used [0x00000000d5580000,0x00000000d5580000,0x00000000de100000)
  from space 12288K, 99% used [0x00000000de100000,0x00000000decff320,0x00000000ded00000)
  to   space 16896K, 0% used [0x00000000e1480000,0x00000000e1480000,0x00000000e2500000)
 ParOldGen       total 86016K, used 25829K [0x0000000080000000, 0x0000000085400000, 0x00000000d5580000)
  object space 86016K, 30% used [0x0000000080000000,0x00000000819394a8,0x0000000085400000)
 Metaspace       used 52368K, capacity 54404K, committed 54696K, reserved 1095680K
  class space    used 7044K, capacity 7505K, committed 7592K, reserved 1048576K
}
Event: 12.350 GC heap before
{Heap before GC invocations=14 (full 2):
 PSYoungGen      total 155136K, used 100141K [0x00000000d5580000, 0x00000000e2500000, 0x0000000100000000)
  eden space 142848K, 61% used [0x00000000d5580000,0x00000000dab4c398,0x00000000de100000)
  from space 12288K, 99% used [0x00000000de100000,0x00000000decff320,0x00000000ded00000)
  to   space 16896K, 0% used [0x00000000e1480000,0x00000000e1480000,0x00000000e2500000)
 ParOldGen       total 86016K, used 25829K [0x0000000080000000, 0x0000000085400000, 0x00000000d5580000)
  object space 86016K, 30% used [0x0000000080000000,0x00000000819394a8,0x0000000085400000)
 Metaspace       used 56775K, capacity 58932K, committed 59160K, reserved 1099776K
  class space    used 7768K, capacity 8223K, committed 8232K, reserved 1048576K
Event: 12.382 GC heap after
Heap after GC invocations=14 (full 2):
 PSYoungGen      total 196096K, used 7830K [0x00000000d5580000, 0x00000000e2d80000, 0x0000000100000000)
  eden space 179200K, 0% used [0x00000000d5580000,0x00000000d5580000,0x00000000e0480000)
  from space 16896K, 46% used [0x00000000e1480000,0x00000000e1c25aa8,0x00000000e2500000)
  to   space 16384K, 0% used [0x00000000e0480000,0x00000000e0480000,0x00000000e1480000)
 ParOldGen       total 86016K, used 38144K [0x0000000080000000, 0x0000000085400000, 0x00000000d5580000)
  object space 86016K, 44% used [0x0000000080000000,0x00000000825401f8,0x0000000085400000)
 Metaspace       used 56775K, capacity 58932K, committed 59160K, reserved 1099776K
  class space    used 7768K, capacity 8223K, committed 8232K, reserved 1048576K
}
Event: 12.382 GC heap before
{Heap before GC invocations=15 (full 3):
 PSYoungGen      total 196096K, used 7830K [0x00000000d5580000, 0x00000000e2d80000, 0x0000000100000000)
  eden space 179200K, 0% used [0x00000000d5580000,0x00000000d5580000,0x00000000e0480000)
  from space 16896K, 46% used [0x00000000e1480000,0x00000000e1c25aa8,0x00000000e2500000)
  to   space 16384K, 0% used [0x00000000e0480000,0x00000000e0480000,0x00000000e1480000)
 ParOldGen       total 86016K, used 38144K [0x0000000080000000, 0x0000000085400000, 0x00000000d5580000)
  object space 86016K, 44% used [0x0000000080000000,0x00000000825401f8,0x0000000085400000)
 Metaspace       used 56775K, capacity 58932K, committed 59160K, reserved 1099776K
  class space    used 7768K, capacity 8223K, committed 8232K, reserved 1048576K
Event: 12.781 GC heap after
Heap after GC invocations=15 (full 3):
 PSYoungGen      total 196096K, used 0K [0x00000000d5580000, 0x00000000e2d80000, 0x0000000100000000)
  eden space 179200K, 0% used [0x00000000d5580000,0x00000000d5580000,0x00000000e0480000)
  from space 16896K, 0% used [0x00000000e1480000,0x00000000e1480000,0x00000000e2500000)
  to   space 16384K, 0% used [0x00000000e0480000,0x00000000e0480000,0x00000000e1480000)
 ParOldGen       total 144896K, used 43109K [0x0000000080000000, 0x0000000088d80000, 0x00000000d5580000)
  object space 144896K, 29% used [0x0000000080000000,0x0000000082a19550,0x0000000088d80000)
 Metaspace       used 56761K, capacity 58884K, committed 59160K, reserved 1099776K
  class space    used 7763K, capacity 8215K, committed 8232K, reserved 1048576K
}

