# JRE version: OpenJDK Runtime Environment (8.0_242-b01) (build 1.8.0_242-release-1644-b01)
# Java VM: OpenJDK 64-Bit Server VM (25.242-b01 mixed mode windows-amd64 compressed oops)
Heap:
 PSYoungGen      total 212480K, used 157700K [0x00000000d5580000, 0x00000000e4b00000, 0x0000000100000000)
  eden space 187904K, 76% used [0x00000000d5580000,0x00000000de13de90,0x00000000e0d00000)
  from space 24576K, 59% used [0x00000000e3300000,0x00000000e41431f8,0x00000000e4b00000)
  to   space 25088K, 0% used [0x00000000e0d00000,0x00000000e0d00000,0x00000000e2580000)
 ParOldGen       total 147456K, used 57898K [0x0000000080000000, 0x0000000089000000, 0x00000000d5580000)
  object space 147456K, 39% used [0x0000000080000000,0x000000008388ab78,0x0000000089000000)
 Metaspace       used 75264K, capacity 78668K, committed 78760K, reserved 1118208K
  class space    used 10207K, capacity 10916K, committed 10920K, reserved 1048576K
GC Heap History (10 events):
Event: 29.411 GC heap before
{Heap before GC invocations=19 (full 3):
 PSYoungGen      total 191488K, used 168096K [0x00000000d5580000, 0x00000000e4180000, 0x0000000100000000)
  eden space 166400K, 100% used [0x00000000d5580000,0x00000000df800000,0x00000000df800000)
  from space 25088K, 6% used [0x00000000df800000,0x00000000df9a8000,0x00000000e1080000)
  to   space 25088K, 0% used [0x00000000e2900000,0x00000000e2900000,0x00000000e4180000)
 ParOldGen       total 147456K, used 57002K [0x0000000080000000, 0x0000000089000000, 0x00000000d5580000)
  object space 147456K, 38% used [0x0000000080000000,0x00000000837aab58,0x0000000089000000)
 Metaspace       used 74440K, capacity 77730K, committed 77992K, reserved 1116160K
  class space    used 10147K, capacity 10847K, committed 10920K, reserved 1048576K
Event: 29.422 GC heap after
Heap after GC invocations=19 (full 3):
 PSYoungGen      total 209408K, used 3604K [0x00000000d5580000, 0x00000000e3e00000, 0x0000000100000000)
  eden space 187904K, 0% used [0x00000000d5580000,0x00000000d5580000,0x00000000e0d00000)
  from space 21504K, 16% used [0x00000000e2900000,0x00000000e2c851a0,0x00000000e3e00000)
  to   space 25088K, 0% used [0x00000000e0d00000,0x00000000e0d00000,0x00000000e2580000)
 ParOldGen       total 147456K, used 57010K [0x0000000080000000, 0x0000000089000000, 0x00000000d5580000)
  object space 147456K, 38% used [0x0000000080000000,0x00000000837acb58,0x0000000089000000)
 Metaspace       used 74440K, capacity 77730K, committed 77992K, reserved 1116160K
  class space    used 10147K, capacity 10847K, committed 10920K, reserved 1048576K
}
Event: 31.057 GC heap before
{Heap before GC invocations=20 (full 3):
 PSYoungGen      total 209408K, used 191508K [0x00000000d5580000, 0x00000000e3e00000, 0x0000000100000000)
  eden space 187904K, 100% used [0x00000000d5580000,0x00000000e0d00000,0x00000000e0d00000)
  from space 21504K, 16% used [0x00000000e2900000,0x00000000e2c851a0,0x00000000e3e00000)
  to   space 25088K, 0% used [0x00000000e0d00000,0x00000000e0d00000,0x00000000e2580000)
 ParOldGen       total 147456K, used 57010K [0x0000000080000000, 0x0000000089000000, 0x00000000d5580000)
  object space 147456K, 38% used [0x0000000080000000,0x00000000837acb58,0x0000000089000000)
 Metaspace       used 74751K, capacity 78060K, committed 78248K, reserved 1116160K
  class space    used 10165K, capacity 10884K, committed 10920K, reserved 1048576K
Event: 31.064 GC heap after
Heap after GC invocations=20 (full 3):
 PSYoungGen      total 212992K, used 4704K [0x00000000d5580000, 0x00000000e4b00000, 0x0000000100000000)
  eden space 187904K, 0% used [0x00000000d5580000,0x00000000d5580000,0x00000000e0d00000)
  from space 25088K, 18% used [0x00000000e0d00000,0x00000000e1198000,0x00000000e2580000)
  to   space 24576K, 0% used [0x00000000e3300000,0x00000000e3300000,0x00000000e4b00000)
 ParOldGen       total 147456K, used 57018K [0x0000000080000000, 0x0000000089000000, 0x00000000d5580000)
  object space 147456K, 38% used [0x0000000080000000,0x00000000837aeb58,0x0000000089000000)
 Metaspace       used 74751K, capacity 78060K, committed 78248K, reserved 1116160K
  class space    used 10165K, capacity 10884K, committed 10920K, reserved 1048576K
}
Event: 31.634 GC heap before
{Heap before GC invocations=21 (full 3):
 PSYoungGen      total 212992K, used 192608K [0x00000000d5580000, 0x00000000e4b00000, 0x0000000100000000)
  eden space 187904K, 100% used [0x00000000d5580000,0x00000000e0d00000,0x00000000e0d00000)
  from space 25088K, 18% used [0x00000000e0d00000,0x00000000e1198000,0x00000000e2580000)
  to   space 24576K, 0% used [0x00000000e3300000,0x00000000e3300000,0x00000000e4b00000)
 ParOldGen       total 147456K, used 57018K [0x0000000080000000, 0x0000000089000000, 0x00000000d5580000)
  object space 147456K, 38% used [0x0000000080000000,0x00000000837aeb58,0x0000000089000000)
 Metaspace       used 75242K, capacity 78540K, committed 78760K, reserved 1118208K
  class space    used 10207K, capacity 10916K, committed 10920K, reserved 1048576K
Event: 31.669 GC heap after
Heap after GC invocations=21 (full 3):
 PSYoungGen      total 212480K, used 10497K [0x00000000d5580000, 0x00000000e4b00000, 0x0000000100000000)
  eden space 187904K, 0% used [0x00000000d5580000,0x00000000d5580000,0x00000000e0d00000)
  from space 24576K, 42% used [0x00000000e3300000,0x00000000e3d40760,0x00000000e4b00000)
  to   space 25088K, 0% used [0x00000000e0d00000,0x00000000e0d00000,0x00000000e2580000)
 ParOldGen       total 147456K, used 57026K [0x0000000080000000, 0x0000000089000000, 0x00000000d5580000)
  object space 147456K, 38% used [0x0000000080000000,0x00000000837b0b58,0x0000000089000000)
 Metaspace       used 75242K, capacity 78540K, committed 78760K, reserved 1118208K
  class space    used 10207K, capacity 10916K, committed 10920K, reserved 1048576K
}
Event: 32.004 GC heap before
{Heap before GC invocations=22 (full 3):
 PSYoungGen      total 212480K, used 198401K [0x00000000d5580000, 0x00000000e4b00000, 0x0000000100000000)
  eden space 187904K, 100% used [0x00000000d5580000,0x00000000e0d00000,0x00000000e0d00000)
  from space 24576K, 42% used [0x00000000e3300000,0x00000000e3d40760,0x00000000e4b00000)
  to   space 25088K, 0% used [0x00000000e0d00000,0x00000000e0d00000,0x00000000e2580000)
 ParOldGen       total 147456K, used 57026K [0x0000000080000000, 0x0000000089000000, 0x00000000d5580000)
  object space 147456K, 38% used [0x0000000080000000,0x00000000837b0b58,0x0000000089000000)
 Metaspace       used 75260K, capacity 78604K, committed 78760K, reserved 1118208K
  class space    used 10207K, capacity 10916K, committed 10920K, reserved 1048576K
Event: 32.034 GC heap after
Heap after GC invocations=22 (full 3):
 PSYoungGen      total 212992K, used 14011K [0x00000000d5580000, 0x00000000e4b00000, 0x0000000100000000)
  eden space 187904K, 0% used [0x00000000d5580000,0x00000000d5580000,0x00000000e0d00000)
  from space 25088K, 55% used [0x00000000e0d00000,0x00000000e1aaeef8,0x00000000e2580000)
  to   space 24576K, 0% used [0x00000000e3300000,0x00000000e3300000,0x00000000e4b00000)
 ParOldGen       total 147456K, used 57034K [0x0000000080000000, 0x0000000089000000, 0x00000000d5580000)
  object space 147456K, 38% used [0x0000000080000000,0x00000000837b2b58,0x0000000089000000)
 Metaspace       used 75260K, capacity 78604K, committed 78760K, reserved 1118208K
  class space    used 10207K, capacity 10916K, committed 10920K, reserved 1048576K
}
Event: 32.301 GC heap before
{Heap before GC invocations=23 (full 3):
 PSYoungGen      total 212992K, used 201915K [0x00000000d5580000, 0x00000000e4b00000, 0x0000000100000000)
  eden space 187904K, 100% used [0x00000000d5580000,0x00000000e0d00000,0x00000000e0d00000)
  from space 25088K, 55% used [0x00000000e0d00000,0x00000000e1aaeef8,0x00000000e2580000)
  to   space 24576K, 0% used [0x00000000e3300000,0x00000000e3300000,0x00000000e4b00000)
 ParOldGen       total 147456K, used 57034K [0x0000000080000000, 0x0000000089000000, 0x00000000d5580000)
  object space 147456K, 38% used [0x0000000080000000,0x00000000837b2b58,0x0000000089000000)
 Metaspace       used 75264K, capacity 78668K, committed 78760K, reserved 1118208K
  class space    used 10207K, capacity 10916K, committed 10920K, reserved 1048576K
Event: 32.360 GC heap after
Heap after GC invocations=23 (full 3):
 PSYoungGen      total 212480K, used 14604K [0x00000000d5580000, 0x00000000e4b00000, 0x0000000100000000)
  eden space 187904K, 0% used [0x00000000d5580000,0x00000000d5580000,0x00000000e0d00000)
  from space 24576K, 59% used [0x00000000e3300000,0x00000000e41431f8,0x00000000e4b00000)
  to   space 25088K, 0% used [0x00000000e0d00000,0x00000000e0d00000,0x00000000e2580000)
 ParOldGen       total 147456K, used 57898K [0x0000000080000000, 0x0000000089000000, 0x00000000d5580000)
  object space 147456K, 39% used [0x0000000080000000,0x000000008388ab78,0x0000000089000000)
 Metaspace       used 75264K, capacity 78668K, committed 78760K, reserved 1118208K
  class space    used 10207K, capacity 10916K, committed 10920K, reserved 1048576K
}

